
> portfolio@0.0.0 dev
> vite --host 0.0.0.0 --port 5174

Re-optimizing dependencies because lockfile has changed

  [32m[1mVITE[22m v5.4.21[39m  [2mready in [0m[1m329[22m[2m[0m ms[22m

  [32m➜[39m  [1mLocal[22m:   [36mhttp://localhost:[1m5174[22m/[39m
  [32m➜[39m  [1mNetwork[22m: [36mhttp://172.18.224.1:[1m5174[22m/[39m
  [32m➜[39m  [1mNetwork[22m: [36mhttp://192.168.56.1:[1m5174[22m/[39m
  [32m➜[39m  [1mNetwork[22m: [36mhttp://192.168.0.21:[1m5174[22m/[39m
[2m18:40:53[22m [36m[1m[vite][22m[39m [32mpage reload [39m[2msrc/data/portfolio.js[22m
[2m18:40:53[22m [36m[1m[vite][22m[39m [32mhmr update [39m[2m/src/styles.css[22m
[2m18:52:12[22m [36m[1m[vite][22m[39m [32mpage reload [39m[2msrc/data/portfolio.js[22m
[2m18:52:19[22m [36m[1m[vite][22m[39m [32mpage reload [39m[2msrc/data/portfolio.js[22m
[2m18:53:05[22m [36m[1m[vite][22m[39m [32mpage reload [39m[2msrc/data/portfolio.js[22m
[2m18:53:12[22m [36m[1m[vite][22m[39m [32mpage reload [39m[2msrc/data/portfolio.js[22m
[2m18:53:25[22m [36m[1m[vite][22m[39m [32mpage reload [39m[2msrc/data/portfolio.js[22m
[2m18:53:34[22m [36m[1m[vite][22m[39m [32mpage reload [39m[2msrc/data/portfolio.js[22m
[2m18:53:43[22m [36m[1m[vite][22m[39m [32mpage reload [39m[2msrc/data/portfolio.js[22m
[2m18:53:45[22m [36m[1m[vite][22m[39m [32mpage reload [39m[2msrc/data/portfolio.js[22m
[2m18:53:47[22m [36m[1m[vite][22m[39m [32mpage reload [39m[2msrc/data/portfolio.js[22m
[2m18:54:48[22m [36m[1m[vite][22m[39m [32mpage reload [39m[2msrc/data/portfolio.js[22m
[2m18:55:41[22m [36m[1m[vite][22m[39m [32mpage reload [39m[2msrc/data/portfolio.js[22m
[2m18:56:09[22m [36m[1m[vite][22m[39m [32mpage reload [39m[2msrc/data/portfolio.js[22m
[2m18:56:11[22m [36m[1m[vite][22m[39m [32mpage reload [39m[2msrc/data/portfolio.js[22m
[2m18:56:19[22m [36m[1m[vite][22m[39m [32mpage reload [39m[2msrc/data/portfolio.js[22m
[2m18:56:49[22m [36m[1m[vite][22m[39m [32mpage reload [39m[2msrc/data/portfolio.js[22m
[2m18:56:53[22m [36m[1m[vite][22m[39m [32mpage reload [39m[2msrc/data/portfolio.js[22m
[2m18:56:54[22m [36m[1m[vite][22m[39m [32mpage reload [39m[2msrc/data/portfolio.js[22m
[2m18:56:56[22m [36m[1m[vite][22m[39m [32mpage reload [39m[2msrc/data/portfolio.js[22m
[2m18:57:03[22m [36m[1m[vite][22m[39m [32mpage reload [39m[2msrc/data/portfolio.js[22m
[2m18:57:50[22m [36m[1m[vite][22m[39m [32mpage reload [39m[2msrc/data/portfolio.js[22m
[2m18:57:52[22m [36m[1m[vite][22m[39m [32mpage reload [39m[2msrc/data/portfolio.js[22m
[2m18:58:17[22m [36m[1m[vite][22m[39m [32mpage reload [39m[2msrc/data/portfolio.js[22m
[2m18:58:44[22m [36m[1m[vite][22m[39m [32mpage reload [39m[2msrc/data/portfolio.js[22m
[2m18:58:50[22m [36m[1m[vite][22m[39m [32mpage reload [39m[2msrc/data/portfolio.js[22m
[2m18:58:56[22m [36m[1m[vite][22m[39m [32mpage reload [39m[2msrc/data/portfolio.js[22m
[2m19:01:01[22m [36m[1m[vite][22m[39m [32mpage reload [39m[2msrc/App.jsx[22m
[2m19:01:16[22m [36m[1m[vite][22m[39m [32mpage reload [39m[2msrc/data/portfolio.js[22m
[2m19:10:11[22m [36m[1m[vite][22m[39m [32mpage reload [39m[2msrc/App.jsx[22m
[2m19:10:21[22m [36m[1m[vite][22m[39m [32mpage reload [39m[2msrc/App.jsx[22m
[2m19:10:26[22m [36m[1m[vite][22m[39m [32mpage reload [39m[2msrc/App.jsx[22m
[2m19:10:28[22m [36m[1m[vite][22m[39m [32mpage reload [39m[2msrc/App.jsx[22m
[2m19:10:31[22m [36m[1m[vite][22m[39m [32mpage reload [39m[2msrc/App.jsx[22m
[2m19:10:34[22m [36m[1m[vite][22m[39m [32mpage reload [39m[2msrc/App.jsx[22m
[2m19:10:38[22m [36m[1m[vite][22m[39m [32mpage reload [39m[2msrc/App.jsx[22m
[2m19:10:50[22m [36m[1m[vite][22m[39m [32mpage reload [39m[2msrc/App.jsx[22m
[2m19:11:03[22m [36m[1m[vite][22m[39m [32mpage reload [39m[2msrc/App.jsx[22m
[2m19:11:15[22m [36m[1m[vite][22m[39m [32mpage reload [39m[2msrc/App.jsx[22m
[2m19:11:29[22m [36m[1m[vite][22m[39m [32mpage reload [39m[2msrc/App.jsx[22m
[2m19:11:35[22m [36m[1m[vite][22m[39m [32mpage reload [39m[2msrc/App.jsx[22m
[2m19:11:39[22m [36m[1m[vite][22m[39m [32mpage reload [39m[2msrc/App.jsx[22m
[2m19:11:42[22m [36m[1m[vite][22m[39m [32mpage reload [39m[2msrc/App.jsx[22m
[2m19:11:48[22m [36m[1m[vite][22m[39m [32mpage reload [39m[2msrc/App.jsx[22m
[2m19:11:51[22m [36m[1m[vite][22m[39m [32mpage reload [39m[2msrc/App.jsx[22m
[2m19:11:55[22m [36m[1m[vite][22m[39m [32mpage reload [39m[2msrc/App.jsx[22m
[2m19:12:00[22m [36m[1m[vite][22m[39m [32mpage reload [39m[2msrc/App.jsx[22m
[2m19:12:01[22m [36m[1m[vite][22m[39m [32mpage reload [39m[2msrc/App.jsx[22m
[2m19:12:05[22m [36m[1m[vite][22m[39m [32mpage reload [39m[2msrc/App.jsx[22m
[2m19:12:09[22m [36m[1m[vite][22m[39m [32mpage reload [39m[2msrc/App.jsx[22m
[2m19:12:19[22m [36m[1m[vite][22m[39m [32mpage reload [39m[2msrc/App.jsx[22m
[2m19:12:21[22m [36m[1m[vite][22m[39m [32mpage reload [39m[2msrc/App.jsx[22m
[2m19:12:22[22m [36m[1m[vite][22m[39m [32mpage reload [39m[2msrc/App.jsx[22m
[2m19:12:27[22m [36m[1m[vite][22m[39m [32mpage reload [39m[2msrc/App.jsx[22m
[2m19:12:30[22m [36m[1m[vite][22m[39m [32mpage reload [39m[2msrc/App.jsx[22m
[2m19:13:18[22m [36m[1m[vite][22m[39m [32mpage reload [39m[2msrc/App.jsx[22m
[2m19:13:25[22m [36m[1m[vite][22m[39m [32mpage reload [39m[2msrc/App.jsx[22m
[2m19:15:21[22m [36m[1m[vite][22m[39m [32mpage reload [39m[2msrc/App.jsx[22m
[2m19:15:30[22m [36m[1m[vite][22m[39m [32mpage reload [39m[2msrc/App.jsx[22m
[2m19:15:32[22m [36m[1m[vite][22m[39m [32mpage reload [39m[2msrc/App.jsx[22m
[2m19:15:41[22m [36m[1m[vite][22m[39m [32mpage reload [39m[2msrc/App.jsx[22m
[2m19:15:49[22m [36m[1m[vite][22m[39m [32mpage reload [39m[2msrc/App.jsx[22m
[2m19:15:51[22m [36m[1m[vite][22m[39m [32mpage reload [39m[2msrc/App.jsx[22m
[2m19:16:06[22m [36m[1m[vite][22m[39m [32mpage reload [39m[2msrc/App.jsx[22m
[2m19:16:09[22m [36m[1m[vite][22m[39m [32mpage reload [39m[2msrc/App.jsx[22m
[2m19:16:11[22m [36m[1m[vite][22m[39m [32mpage reload [39m[2msrc/App.jsx[22m
[2m19:16:13[22m [36m[1m[vite][22m[39m [32mpage reload [39m[2msrc/App.jsx[22m
[2m19:16:21[22m [36m[1m[vite][22m[39m [32mpage reload [39m[2msrc/App.jsx[22m
[2m19:16:23[22m [36m[1m[vite][22m[39m [32mpage reload [39m[2msrc/App.jsx[22m
[2m19:16:59[22m [36m[1m[vite][22m[39m [32mpage reload [39m[2msrc/App.jsx[22m
[2m19:17:02[22m [36m[1m[vite][22m[39m [32mpage reload [39m[2msrc/App.jsx[22m
[2m19:17:03[22m [36m[1m[vite][22m[39m [32mpage reload [39m[2msrc/App.jsx[22m
[2m19:17:18[22m [36m[1m[vite][22m[39m [32mpage reload [39m[2msrc/App.jsx[22m
[2m19:18:00[22m [36m[1m[vite][22m[39m [32mpage reload [39m[2msrc/App.jsx[22m
[2m19:18:04[22m [36m[1m[vite][22m[39m [32mpage reload [39m[2msrc/App.jsx[22m
[2m19:18:05[22m [36m[1m[vite][22m[39m [32mpage reload [39m[2msrc/App.jsx[22m
[2m19:18:10[22m [36m[1m[vite][22m[39m [32mpage reload [39m[2msrc/App.jsx[22m
[2m19:18:12[22m [36m[1m[vite][22m[39m [32mpage reload [39m[2msrc/App.jsx[22m
[2m19:18:15[22m [36m[1m[vite][22m[39m [32mpage reload [39m[2msrc/App.jsx[22m
[2m19:18:23[22m [36m[1m[vite][22m[39m [32mpage reload [39m[2msrc/App.jsx[22m
[2m19:18:25[22m [36m[1m[vite][22m[39m [32mpage reload [39m[2msrc/App.jsx[22m
[2m19:18:26[22m [36m[1m[vite][22m[39m [32mpage reload [39m[2msrc/App.jsx[22m
[2m19:18:27[22m [36m[1m[vite][22m[39m [32mpage reload [39m[2msrc/App.jsx[22m
[2m19:18:44[22m [36m[1m[vite][22m[39m [32mpage reload [39m[2msrc/App.jsx[22m
[2m19:22:36[22m [36m[1m[vite][22m[39m [32mpage reload [39m[2msrc/App.jsx[22m
[2m19:22:50[22m [36m[1m[vite][22m[39m [32mhmr update [39m[2m/src/styles.css[22m
[2m19:23:49[22m [36m[1m[vite][22m[39m [32mpage reload [39m[2msrc/App.jsx[22m
[2m19:24:01[22m [36m[1m[vite][22m[39m [32mhmr update [39m[2m/src/styles.css[22m
[2m19:25:17[22m [36m[1m[vite][22m[39m [32mpage reload [39m[2msrc/App.jsx[22m
[2m19:25:27[22m [36m[1m[vite][22m[39m [32mhmr update [39m[2m/src/styles.css[22m
[2m19:26:37[22m [36m[1m[vite][22m[39m [32mhmr update [39m[2m/src/styles.css[22m
[2m19:27:29[22m [36m[1m[vite][22m[39m [32mhmr update [39m[2m/src/styles.css[22m
[2m19:29:44[22m [36m[1m[vite][22m[39m [32mpage reload [39m[2msrc/App.jsx[22m
[2m19:29:51[22m [36m[1m[vite][22m[39m [32mhmr update [39m[2m/src/styles.css[22m
[2m21:36:20[22m [36m[1m[vite][22m[39m [32mpage reload [39m[2msrc/data/portfolio.js[22m
[2m21:36:35[22m [36m[1m[vite][22m[39m [32mhmr update [39m[2m/src/styles.css[22m
[2m21:38:22[22m [36m[1m[vite][22m[39m [32mpage reload [39m[2msrc/App.jsx[22m
[2m21:49:51[22m [36m[1m[vite][22m[39m [32mpage reload [39m[2msrc/App.jsx[22m
[2m21:50:00[22m [36m[1m[vite][22m[39m [32mpage reload [39m[2msrc/App.jsx[22m
[2m21:51:47[22m [36m[1m[vite][22m[39m [32mpage reload [39m[2msrc/App.jsx[22m
[2m21:51:56[22m [36m[1m[vite][22m[39m [32mpage reload [39m[2msrc/App.jsx[22m
[2m21:52:02[22m [36m[1m[vite][22m[39m [32mpage reload [39m[2msrc/App.jsx[22m
[2m21:52:35[22m [36m[1m[vite][22m[39m [32mpage reload [39m[2msrc/data/portfolio.js[22m
[2m21:52:51[22m [36m[1m[vite][22m[39m [32mpage reload [39m[2msrc/App.jsx[22m
[2m21:53:23[22m [36m[1m[vite][22m[39m [32mpage reload [39m[2msrc/App.jsx[22m
[2m21:54:05[22m [36m[1m[vite][22m[39m [32mhmr update [39m[2m/src/styles.css[22m
[2m21:54:30[22m [36m[1m[vite][22m[39m [32mhmr update [39m[2m/src/styles.css[22m
[2m21:54:54[22m [36m[1m[vite][22m[39m [32mhmr update [39m[2m/src/styles.css[22m
[2m21:55:13[22m [36m[1m[vite][22m[39m [32mhmr update [39m[2m/src/styles.css[22m
[2m21:55:22[22m [36m[1m[vite][22m[39m [32mpage reload [39m[2msrc/App.jsx[22m
[2m21:59:02[22m [36m[1m[vite][22m[39m [32mpage reload [39m[2msrc/App.jsx[22m
[2m21:59:25[22m [36m[1m[vite][22m[39m [32mpage reload [39m[2msrc/App.jsx[22m
[2m22:00:11[22m [36m[1m[vite][22m[39m [32mpage reload [39m[2msrc/App.jsx[22m
[2m22:00:49[22m [36m[1m[vite][22m[39m [32mhmr update [39m[2m/src/styles.css[22m
[2m22:01:15[22m [36m[1m[vite][22m[39m [32mhmr update [39m[2m/src/styles.css[22m
[2m22:01:27[22m [36m[1m[vite][22m[39m [32mhmr update [39m[2m/src/styles.css[22m
[2m22:01:57[22m [36m[1m[vite][22m[39m [32mhmr update [39m[2m/src/styles.css[22m
[2m22:02:07[22m [36m[1m[vite][22m[39m [32mhmr update [39m[2m/src/styles.css[22m
[2m22:02:19[22m [36m[1m[vite][22m[39m [32mhmr update [39m[2m/src/styles.css[22m
[2m22:02:27[22m [36m[1m[vite][22m[39m [32mpage reload [39m[2msrc/data/portfolio.js[22m
[2m22:04:35[22m [36m[1m[vite][22m[39m [32mpage reload [39m[2msrc/App.jsx[22m
[2m22:04:52[22m [36m[1m[vite][22m[39m [32mhmr update [39m[2m/src/styles.css[22m
[2m22:05:00[22m [36m[1m[vite][22m[39m [32mhmr update [39m[2m/src/styles.css[22m
[2m22:08:43[22m [36m[1m[vite][22m[39m [32mpage reload [39m[2msrc/App.jsx[22m
[2m22:09:02[22m [36m[1m[vite][22m[39m [32mhmr update [39m[2m/src/styles.css[22m
[2m22:26:07[22m [36m[1m[vite][22m[39m [32mpage reload [39m[2msrc/App.jsx[22m
[2m22:26:46[22m [36m[1m[vite][22m[39m [32mhmr update [39m[2m/src/styles.css[22m
[2m22:29:40[22m [36m[1m[vite][22m[39m [32mpage reload [39m[2msrc/App.jsx[22m
[2m22:30:13[22m [36m[1m[vite][22m[39m [32mhmr update [39m[2m/src/styles.css[22m
[2m22:30:28[22m [36m[1m[vite][22m[39m [32mpage reload [39m[2msrc/assets/stack/ai-rag.png[22m
[2m22:30:28[22m [36m[1m[vite][22m[39m [32mpage reload [39m[2msrc/assets/stack/android.png[22m
[2m22:30:28[22m [36m[1m[vite][22m[39m [32mpage reload [39m[2msrc/assets/stack/docker.png[22m
[2m22:30:28[22m [36m[1m[vite][22m[39m [32mpage reload [39m[2msrc/assets/stack/fastapi.png[22m
[2m22:30:28[22m [36m[1m[vite][22m[39m [32mpage reload [39m[2msrc/assets/stack/git.png[22m
[2m22:30:28[22m [36m[1m[vite][22m[39m [32mpage reload [39m[2msrc/assets/stack/python.png[22m
[2m22:30:28[22m [36m[1m[vite][22m[39m [32mpage reload [39m[2msrc/assets/stack/postgresql.png[22m
[2m22:30:28[22m [36m[1m[vite][22m[39m [32mpage reload [39m[2msrc/assets/stack/kotlin.png[22m
[2m22:31:47[22m [36m[1m[vite][22m[39m [32mpage reload [39m[2msrc/App.jsx[22m
[2m22:32:06[22m [36m[1m[vite][22m[39m [32mhmr update [39m[2m/src/styles.css[22m
[2m22:35:05[22m [36m[1m[vite][22m[39m [32mpage reload [39m[2msrc/assets/stack/docker.png[22m
[2m22:35:05[22m [36m[1m[vite][22m[39m [32mpage reload [39m[2msrc/assets/stack/fastapi.png[22m
[2m22:35:05[22m [36m[1m[vite][22m[39m [32mpage reload [39m[2msrc/assets/stack/postgresql.png[22m
[2m22:35:05[22m [36m[1m[vite][22m[39m [32mpage reload [39m[2msrc/assets/stack/python.png[22m
[2m22:35:05[22m [36m[1m[vite][22m[39m [32mpage reload [39m[2msrc/assets/stack/ai-rag.png[22m
[2m22:35:05[22m [36m[1m[vite][22m[39m [32mpage reload [39m[2msrc/assets/stack/android.png[22m
[2m22:35:05[22m [36m[1m[vite][22m[39m [32mpage reload [39m[2msrc/assets/stack/git.png[22m
[2m22:35:05[22m [36m[1m[vite][22m[39m [32mpage reload [39m[2msrc/assets/stack/kotlin.png[22m
[2m22:35:30[22m [36m[1m[vite][22m[39m [32mpage reload [39m[2msrc/App.jsx[22m
[2m22:36:04[22m [36m[1m[vite][22m[39m [32mpage reload [39m[2msrc/App.jsx[22m
[2m22:36:49[22m [36m[1m[vite][22m[39m [32mhmr update [39m[2m/src/styles.css[22m
[2m22:59:46[22m [36m[1m[vite][22m[39m [32mpage reload [39m[2msrc/App.jsx[22m
[2m23:00:08[22m [36m[1m[vite][22m[39m [32mpage reload [39m[2msrc/App.jsx[22m
[2m23:00:27[22m [36m[1m[vite][22m[39m [32mhmr update [39m[2m/src/styles.css[22m
[2m23:05:09[22m [36m[1m[vite][22m[39m [32mpage reload [39m[2msrc/App.jsx[22m
[2m23:05:25[22m [36m[1m[vite][22m[39m [32mpage reload [39m[2msrc/App.jsx[22m
[2m23:07:39[22m [36m[1m[vite][22m[39m [32mpage reload [39m[2msrc/data/portfolio.js[22m
[2m23:07:54[22m [36m[1m[vite][22m[39m [32mpage reload [39m[2msrc/App.jsx[22m
[2m23:09:30[22m [36m[1m[vite][22m[39m [32mhmr update [39m[2m/src/styles.css[22m
[2m23:11:28[22m [36m[1m[vite][22m[39m [32mpage reload [39m[2msrc/App.jsx[22m
[2m23:15:55[22m [36m[1m[vite][22m[39m [32mhmr update [39m[2m/src/styles.css[22m
[2m23:17:14[22m [36m[1m[vite][22m[39m [32mhmr update [39m[2m/src/styles.css[22m
[2m23:18:48[22m [36m[1m[vite][22m[39m [32mhmr update [39m[2m/src/styles.css[22m
[2m23:24:31[22m [36m[1m[vite][22m[39m [32mhmr update [39m[2m/src/styles.css[22m
[2m23:43:47[22m [36m[1m[vite][22m[39m [32mhmr update [39m[2m/src/styles.css[22m
[2m23:51:36[22m [36m[1m[vite][22m[39m [32mhmr update [39m[2m/src/styles.css[22m
